0 info it worked if it ends with ok
1 verbose cli [ 'C:\\Program Files\\nodejs\\node.exe',
1 verbose cli   'C:\\Program Files\\nodejs\\node_modules\\npm\\bin\\npm-cli.js',
1 verbose cli   'run',
1 verbose cli   'livebuild' ]
2 info using npm@3.10.10
3 info using node@v6.9.4
4 verbose run-script [ 'prelivebuild', 'livebuild', 'postlivebuild' ]
5 info lifecycle ishop3@1.0.0~prelivebuild: ishop3@1.0.0
6 silly lifecycle ishop3@1.0.0~prelivebuild: no script for prelivebuild, continuing
7 info lifecycle ishop3@1.0.0~livebuild: ishop3@1.0.0
8 verbose lifecycle ishop3@1.0.0~livebuild: unsafe-perm in lifecycle true
9 verbose lifecycle ishop3@1.0.0~livebuild: PATH: C:\Program Files\nodejs\node_modules\npm\bin\node-gyp-bin;D:\React_Angular\FD3-Dicoun\ishop3\node_modules\.bin;C:\Program Files (x86)\NVIDIA Corporation\PhysX\Common;C:\Windows\system32;C:\Windows;C:\Windows\System32\Wbem;C:\Windows\System32\WindowsPowerShell\v1.0\;C:\Program Files (x86)\QT Lite\QTSystem;C:\WebServer\PHP;C:\ProgramData\ComposerSetup\bin;C:\Program Files\Git\cmd;C:\Program Files\nodejs\;C:\Program Files (x86)\cURL\bin;C:\Program Files (x86)\GitExtensions\;C:\Users\Ольга\bin\Sencha\Cmd;C:\Users\Ольга\AppData\Roaming\npm;C:\Users\Ольга\AppData\Local\Programs\Microsoft VS Code\bin
10 verbose lifecycle ishop3@1.0.0~livebuild: CWD: D:\React_Angular\FD3-Dicoun\ishop3
11 silly lifecycle ishop3@1.0.0~livebuild: Args: [ '/d /s /c', 'webpack-dev-server --progress --colors' ]
12 verbose stack Error: kill ENOSYS
12 verbose stack     at exports._errnoException (util.js:1022:11)
12 verbose stack     at process.kill (internal/process.js:172:13)
12 verbose stack     at process.listener (C:\Program Files\nodejs\node_modules\npm\node_modules\npmlog\node_modules\gauge\node_modules\signal-exit\index.js:86:15)
12 verbose stack     at emitNone (events.js:91:20)
12 verbose stack     at process.emit (events.js:185:7)
12 verbose stack     at processEmit (C:\Program Files\nodejs\node_modules\npm\node_modules\npmlog\node_modules\gauge\node_modules\signal-exit\index.js:146:32)
12 verbose stack     at processEmit (C:\Program Files\nodejs\node_modules\npm\node_modules\npm-registry-client\node_modules\npmlog\node_modules\gauge\node_modules\signal-exit\index.js:146:32)
12 verbose stack     at Signal.wrap.onsignal (internal/process.js:199:44)
13 verbose cwd D:\React_Angular\FD3-Dicoun\ishop3\components
14 error Windows_NT 6.1.7601
15 error argv "C:\\Program Files\\nodejs\\node.exe" "C:\\Program Files\\nodejs\\node_modules\\npm\\bin\\npm-cli.js" "run" "livebuild"
16 error node v6.9.4
17 error npm  v3.10.10
18 error code ENOSYS
19 error errno ENOSYS
20 error syscall kill
21 error kill ENOSYS
22 error If you need help, you may report this error at:
22 error     <https://github.com/npm/npm/issues>
23 verbose exit [ 1, true ]
